# JRE version: OpenJDK Runtime Environment (11.0.10) (build 11.0.10+0-b96-7249189)
# Java VM: OpenJDK 64-Bit Server VM (11.0.10+0-b96-7249189, mixed mode, tiered, compressed oops, g1 gc, windows-amd64)
Heap:
 garbage-first heap   total 229376K, used 94173K [0x0000000080000000, 0x0000000100000000)
  region size 1024K, 10 young (10240K), 8 survivors (8192K)
 Metaspace       used 96624K, capacity 99299K, committed 99492K, reserved 1136640K
  class space    used 12392K, capacity 13233K, committed 13312K, reserved 1048576K
GC Heap History (20 events):
Event: 8.624 GC heap before
{Heap before GC invocations=9 (full 0):
 garbage-first heap   total 229376K, used 161459K [0x0000000080000000, 0x0000000100000000)
  region size 1024K, 113 young (115712K), 14 survivors (14336K)
 Metaspace       used 60361K, capacity 62144K, committed 62208K, reserved 1103872K
  class space    used 7796K, capacity 8398K, committed 8448K, reserved 1048576K
}
Event: 8.636 GC heap after
{Heap after GC invocations=10 (full 0):
 garbage-first heap   total 229376K, used 70550K [0x0000000080000000, 0x0000000100000000)
  region size 1024K, 15 young (15360K), 15 survivors (15360K)
 Metaspace       used 60361K, capacity 62144K, committed 62208K, reserved 1103872K
  class space    used 7796K, capacity 8398K, committed 8448K, reserved 1048576K
}
Event: 9.825 GC heap before
{Heap before GC invocations=10 (full 0):
 garbage-first heap   total 229376K, used 168854K [0x0000000080000000, 0x0000000100000000)
  region size 1024K, 111 young (113664K), 15 survivors (15360K)
 Metaspace       used 69825K, capacity 71846K, committed 71936K, reserved 1112064K
  class space    used 8999K, capacity 9675K, committed 9728K, reserved 1048576K
}
Event: 9.838 GC heap after
{Heap after GC invocations=11 (full 0):
 garbage-first heap   total 229376K, used 78364K [0x0000000080000000, 0x0000000100000000)
  region size 1024K, 9 young (9216K), 9 survivors (9216K)
 Metaspace       used 69825K, capacity 71846K, committed 71936K, reserved 1112064K
  class space    used 8999K, capacity 9675K, committed 9728K, reserved 1048576K
}
Event: 10.363 GC heap before
{Heap before GC invocations=11 (full 0):
 garbage-first heap   total 229376K, used 111132K [0x0000000080000000, 0x0000000100000000)
  region size 1024K, 42 young (43008K), 9 survivors (9216K)
 Metaspace       used 73555K, capacity 75564K, committed 75648K, reserved 1114112K
  class space    used 9607K, capacity 10296K, committed 10368K, reserved 1048576K
}
Event: 10.371 GC heap after
{Heap after GC invocations=12 (full 0):
 garbage-first heap   total 229376K, used 81102K [0x0000000080000000, 0x0000000100000000)
  region size 1024K, 4 young (4096K), 4 survivors (4096K)
 Metaspace       used 73555K, capacity 75564K, committed 75648K, reserved 1114112K
  class space    used 9607K, capacity 10296K, committed 10368K, reserved 1048576K
}
Event: 11.632 GC heap before
{Heap before GC invocations=13 (full 0):
 garbage-first heap   total 229376K, used 177358K [0x0000000080000000, 0x0000000100000000)
  region size 1024K, 98 young (100352K), 4 survivors (4096K)
 Metaspace       used 80013K, capacity 82249K, committed 82468K, reserved 1120256K
  class space    used 10486K, capacity 11268K, committed 11392K, reserved 1048576K
}
Event: 11.639 GC heap after
{Heap after GC invocations=14 (full 0):
 garbage-first heap   total 229376K, used 85738K [0x0000000080000000, 0x0000000100000000)
  region size 1024K, 8 young (8192K), 8 survivors (8192K)
 Metaspace       used 80013K, capacity 82249K, committed 82468K, reserved 1120256K
  class space    used 10486K, capacity 11268K, committed 11392K, reserved 1048576K
}
Event: 13.264 GC heap before
{Heap before GC invocations=14 (full 0):
 garbage-first heap   total 229376K, used 180970K [0x0000000080000000, 0x0000000100000000)
  region size 1024K, 101 young (103424K), 8 survivors (8192K)
 Metaspace       used 91015K, capacity 93401K, committed 93732K, reserved 1130496K
  class space    used 11794K, capacity 12583K, committed 12672K, reserved 1048576K
}
Event: 13.276 GC heap after
{Heap after GC invocations=15 (full 0):
 garbage-first heap   total 229376K, used 91867K [0x0000000080000000, 0x0000000100000000)
  region size 1024K, 12 young (12288K), 12 survivors (12288K)
 Metaspace       used 91015K, capacity 93401K, committed 93732K, reserved 1130496K
  class space    used 11794K, capacity 12583K, committed 12672K, reserved 1048576K
}
Event: 13.936 GC heap before
{Heap before GC invocations=15 (full 0):
 garbage-first heap   total 229376K, used 181979K [0x0000000080000000, 0x0000000100000000)
  region size 1024K, 101 young (103424K), 12 survivors (12288K)
 Metaspace       used 91586K, capacity 94038K, committed 94244K, reserved 1130496K
  class space    used 11823K, capacity 12624K, committed 12672K, reserved 1048576K
}
Event: 13.945 GC heap after
{Heap after GC invocations=16 (full 0):
 garbage-first heap   total 229376K, used 92969K [0x0000000080000000, 0x0000000100000000)
  region size 1024K, 8 young (8192K), 8 survivors (8192K)
 Metaspace       used 91586K, capacity 94038K, committed 94244K, reserved 1130496K
  class space    used 11823K, capacity 12624K, committed 12672K, reserved 1048576K
}
Event: 26.158 GC heap before
{Heap before GC invocations=16 (full 0):
 garbage-first heap   total 229376K, used 185129K [0x0000000080000000, 0x0000000100000000)
  region size 1024K, 98 young (100352K), 8 survivors (8192K)
 Metaspace       used 92005K, capacity 94573K, committed 94884K, reserved 1132544K
  class space    used 11855K, capacity 12693K, committed 12800K, reserved 1048576K
}
Event: 26.163 GC heap after
{Heap after GC invocations=17 (full 0):
 garbage-first heap   total 229376K, used 91887K [0x0000000080000000, 0x0000000100000000)
  region size 1024K, 7 young (7168K), 7 survivors (7168K)
 Metaspace       used 92005K, capacity 94573K, committed 94884K, reserved 1132544K
  class space    used 11855K, capacity 12693K, committed 12800K, reserved 1048576K
}
Event: 36.410 GC heap before
{Heap before GC invocations=17 (full 0):
 garbage-first heap   total 229376K, used 188143K [0x0000000080000000, 0x0000000100000000)
  region size 1024K, 101 young (103424K), 7 survivors (7168K)
 Metaspace       used 92011K, capacity 94577K, committed 94884K, reserved 1132544K
  class space    used 11855K, capacity 12693K, committed 12800K, reserved 1048576K
}
Event: 36.415 GC heap after
{Heap after GC invocations=18 (full 0):
 garbage-first heap   total 229376K, used 91411K [0x0000000080000000, 0x0000000100000000)
  region size 1024K, 6 young (6144K), 6 survivors (6144K)
 Metaspace       used 92011K, capacity 94577K, committed 94884K, reserved 1132544K
  class space    used 11855K, capacity 12693K, committed 12800K, reserved 1048576K
}
Event: 47.316 GC heap before
{Heap before GC invocations=18 (full 0):
 garbage-first heap   total 229376K, used 191763K [0x0000000080000000, 0x0000000100000000)
  region size 1024K, 104 young (106496K), 6 survivors (6144K)
 Metaspace       used 92026K, capacity 94584K, committed 94884K, reserved 1132544K
  class space    used 11857K, capacity 12695K, committed 12800K, reserved 1048576K
}
Event: 47.320 GC heap after
{Heap after GC invocations=19 (full 0):
 garbage-first heap   total 229376K, used 91478K [0x0000000080000000, 0x0000000100000000)
  region size 1024K, 6 young (6144K), 6 survivors (6144K)
 Metaspace       used 92026K, capacity 94584K, committed 94884K, reserved 1132544K
  class space    used 11857K, capacity 12695K, committed 12800K, reserved 1048576K
}
Event: 58.598 GC heap before
{Heap before GC invocations=19 (full 0):
 garbage-first heap   total 229376K, used 192854K [0x0000000080000000, 0x0000000100000000)
  region size 1024K, 105 young (107520K), 6 survivors (6144K)
 Metaspace       used 92058K, capacity 94596K, committed 94884K, reserved 1132544K
  class space    used 11860K, capacity 12698K, committed 12800K, reserved 1048576K
}
Event: 58.603 GC heap after
{Heap after GC invocations=20 (full 0):
 garbage-first heap   total 229376K, used 91348K [0x0000000080000000, 0x0000000100000000)
  region size 1024K, 6 young (6144K), 6 survivors (6144K)
 Metaspace       used 92058K, capacity 94596K, committed 94884K, reserved 1132544K
  class space    used 11860K, capacity 12698K, committed 12800K, reserved 1048576K
}

