# JRE version: OpenJDK Runtime Environment (11.0.10) (build 11.0.10+0-b96-7249189)
# Java VM: OpenJDK 64-Bit Server VM (11.0.10+0-b96-7249189, mixed mode, tiered, compressed oops, g1 gc, windows-amd64)
Heap:
 garbage-first heap   total 229376K, used 88827K [0x0000000080000000, 0x0000000100000000)
  region size 1024K, 37 young (37888K), 7 survivors (7168K)
 Metaspace       used 48016K, capacity 49333K, committed 49408K, reserved 1091584K
  class space    used 6178K, capacity 6637K, committed 6656K, reserved 1048576K
GC Heap History (20 events):
Event: 8.699 GC heap before
{Heap before GC invocations=12 (full 0):
 garbage-first heap   total 229376K, used 182001K [0x0000000080000000, 0x0000000100000000)
  region size 1024K, 134 young (137216K), 9 survivors (9216K)
 Metaspace       used 47089K, capacity 48298K, committed 48640K, reserved 1091584K
  class space    used 6075K, capacity 6535K, committed 6656K, reserved 1048576K
}
Event: 8.705 GC heap after
{Heap after GC invocations=13 (full 0):
 garbage-first heap   total 229376K, used 55728K [0x0000000080000000, 0x0000000100000000)
  region size 1024K, 10 young (10240K), 10 survivors (10240K)
 Metaspace       used 47089K, capacity 48298K, committed 48640K, reserved 1091584K
  class space    used 6075K, capacity 6535K, committed 6656K, reserved 1048576K
}
Event: 9.083 GC heap before
{Heap before GC invocations=13 (full 0):
 garbage-first heap   total 229376K, used 182704K [0x0000000080000000, 0x0000000100000000)
  region size 1024K, 134 young (137216K), 10 survivors (10240K)
 Metaspace       used 47090K, capacity 48298K, committed 48640K, reserved 1091584K
  class space    used 6076K, capacity 6535K, committed 6656K, reserved 1048576K
}
Event: 9.090 GC heap after
{Heap after GC invocations=14 (full 0):
 garbage-first heap   total 229376K, used 57536K [0x0000000080000000, 0x0000000100000000)
  region size 1024K, 10 young (10240K), 10 survivors (10240K)
 Metaspace       used 47090K, capacity 48298K, committed 48640K, reserved 1091584K
  class space    used 6076K, capacity 6535K, committed 6656K, reserved 1048576K
}
Event: 9.374 GC heap before
{Heap before GC invocations=14 (full 0):
 garbage-first heap   total 229376K, used 185536K [0x0000000080000000, 0x0000000100000000)
  region size 1024K, 134 young (137216K), 10 survivors (10240K)
 Metaspace       used 47091K, capacity 48298K, committed 48640K, reserved 1091584K
  class space    used 6076K, capacity 6535K, committed 6656K, reserved 1048576K
}
Event: 9.382 GC heap after
{Heap after GC invocations=15 (full 0):
 garbage-first heap   total 229376K, used 59241K [0x0000000080000000, 0x0000000100000000)
  region size 1024K, 10 young (10240K), 10 survivors (10240K)
 Metaspace       used 47091K, capacity 48298K, committed 48640K, reserved 1091584K
  class space    used 6076K, capacity 6535K, committed 6656K, reserved 1048576K
}
Event: 9.989 GC heap before
{Heap before GC invocations=15 (full 0):
 garbage-first heap   total 229376K, used 191337K [0x0000000080000000, 0x0000000100000000)
  region size 1024K, 134 young (137216K), 10 survivors (10240K)
 Metaspace       used 47247K, capacity 48525K, committed 48640K, reserved 1091584K
  class space    used 6094K, capacity 6546K, committed 6656K, reserved 1048576K
}
Event: 9.991 GC heap after
{Heap after GC invocations=16 (full 0):
 garbage-first heap   total 229376K, used 53054K [0x0000000080000000, 0x0000000100000000)
  region size 1024K, 4 young (4096K), 4 survivors (4096K)
 Metaspace       used 47247K, capacity 48525K, committed 48640K, reserved 1091584K
  class space    used 6094K, capacity 6546K, committed 6656K, reserved 1048576K
}
Event: 10.272 GC heap before
{Heap before GC invocations=16 (full 0):
 garbage-first heap   total 229376K, used 186174K [0x0000000080000000, 0x0000000100000000)
  region size 1024K, 134 young (137216K), 4 survivors (4096K)
 Metaspace       used 47279K, capacity 48528K, committed 48640K, reserved 1091584K
  class space    used 6098K, capacity 6547K, committed 6656K, reserved 1048576K
}
Event: 10.274 GC heap after
{Heap after GC invocations=17 (full 0):
 garbage-first heap   total 229376K, used 54694K [0x0000000080000000, 0x0000000100000000)
  region size 1024K, 6 young (6144K), 6 survivors (6144K)
 Metaspace       used 47279K, capacity 48528K, committed 48640K, reserved 1091584K
  class space    used 6098K, capacity 6547K, committed 6656K, reserved 1048576K
}
Event: 10.519 GC heap before
{Heap before GC invocations=17 (full 0):
 garbage-first heap   total 229376K, used 185766K [0x0000000080000000, 0x0000000100000000)
  region size 1024K, 134 young (137216K), 6 survivors (6144K)
 Metaspace       used 47280K, capacity 48528K, committed 48640K, reserved 1091584K
  class space    used 6098K, capacity 6547K, committed 6656K, reserved 1048576K
}
Event: 10.523 GC heap after
{Heap after GC invocations=18 (full 0):
 garbage-first heap   total 229376K, used 56467K [0x0000000080000000, 0x0000000100000000)
  region size 1024K, 7 young (7168K), 7 survivors (7168K)
 Metaspace       used 47280K, capacity 48528K, committed 48640K, reserved 1091584K
  class space    used 6098K, capacity 6547K, committed 6656K, reserved 1048576K
}
Event: 11.134 GC heap before
{Heap before GC invocations=18 (full 0):
 garbage-first heap   total 229376K, used 191635K [0x0000000080000000, 0x0000000100000000)
  region size 1024K, 134 young (137216K), 7 survivors (7168K)
 Metaspace       used 47730K, capacity 48981K, committed 49152K, reserved 1091584K
  class space    used 6138K, capacity 6589K, committed 6656K, reserved 1048576K
}
Event: 11.138 GC heap after
{Heap after GC invocations=19 (full 0):
 garbage-first heap   total 229376K, used 54419K [0x0000000080000000, 0x0000000100000000)
  region size 1024K, 5 young (5120K), 5 survivors (5120K)
 Metaspace       used 47730K, capacity 48981K, committed 49152K, reserved 1091584K
  class space    used 6138K, capacity 6589K, committed 6656K, reserved 1048576K
}
Event: 11.472 GC heap before
{Heap before GC invocations=19 (full 0):
 garbage-first heap   total 229376K, used 191635K [0x0000000080000000, 0x0000000100000000)
  region size 1024K, 134 young (137216K), 5 survivors (5120K)
 Metaspace       used 47973K, capacity 49205K, committed 49408K, reserved 1091584K
  class space    used 6170K, capacity 6637K, committed 6656K, reserved 1048576K
}
Event: 11.476 GC heap after
{Heap after GC invocations=20 (full 0):
 garbage-first heap   total 229376K, used 59277K [0x0000000080000000, 0x0000000100000000)
  region size 1024K, 7 young (7168K), 7 survivors (7168K)
 Metaspace       used 47973K, capacity 49205K, committed 49408K, reserved 1091584K
  class space    used 6170K, capacity 6637K, committed 6656K, reserved 1048576K
}
Event: 11.655 GC heap before
{Heap before GC invocations=20 (full 0):
 garbage-first heap   total 229376K, used 189325K [0x0000000080000000, 0x0000000100000000)
  region size 1024K, 134 young (137216K), 7 survivors (7168K)
 Metaspace       used 47974K, capacity 49205K, committed 49408K, reserved 1091584K
  class space    used 6170K, capacity 6637K, committed 6656K, reserved 1048576K
}
Event: 11.658 GC heap after
{Heap after GC invocations=21 (full 0):
 garbage-first heap   total 229376K, used 59307K [0x0000000080000000, 0x0000000100000000)
  region size 1024K, 7 young (7168K), 7 survivors (7168K)
 Metaspace       used 47974K, capacity 49205K, committed 49408K, reserved 1091584K
  class space    used 6170K, capacity 6637K, committed 6656K, reserved 1048576K
}
Event: 11.948 GC heap before
{Heap before GC invocations=21 (full 0):
 garbage-first heap   total 229376K, used 189355K [0x0000000080000000, 0x0000000100000000)
  region size 1024K, 134 young (137216K), 7 survivors (7168K)
 Metaspace       used 48016K, capacity 49333K, committed 49408K, reserved 1091584K
  class space    used 6178K, capacity 6637K, committed 6656K, reserved 1048576K
}
Event: 11.953 GC heap after
{Heap after GC invocations=22 (full 0):
 garbage-first heap   total 229376K, used 59131K [0x0000000080000000, 0x0000000100000000)
  region size 1024K, 7 young (7168K), 7 survivors (7168K)
 Metaspace       used 48016K, capacity 49333K, committed 49408K, reserved 1091584K
  class space    used 6178K, capacity 6637K, committed 6656K, reserved 1048576K
}

