# JRE version: OpenJDK Runtime Environment (11.0.10) (build 11.0.10+0-b96-7249189)
# Java VM: OpenJDK 64-Bit Server VM (11.0.10+0-b96-7249189, mixed mode, tiered, compressed oops, g1 gc, windows-amd64)
Heap:
 garbage-first heap   total 229376K, used 109511K [0x0000000080000000, 0x0000000100000000)
  region size 1024K, 66 young (67584K), 12 survivors (12288K)
 Metaspace       used 51436K, capacity 52878K, committed 52992K, reserved 1095680K
  class space    used 6574K, capacity 7107K, committed 7168K, reserved 1048576K
GC Heap History (12 events):
Event: 0.657 GC heap before
{Heap before GC invocations=0 (full 0):
 garbage-first heap   total 229376K, used 29696K [0x0000000080000000, 0x0000000100000000)
  region size 1024K, 24 young (24576K), 0 survivors (0K)
 Metaspace       used 9799K, capacity 9986K, committed 10112K, reserved 1058816K
  class space    used 1021K, capacity 1102K, committed 1152K, reserved 1048576K
}
Event: 0.663 GC heap after
{Heap after GC invocations=1 (full 0):
 garbage-first heap   total 229376K, used 9080K [0x0000000080000000, 0x0000000100000000)
  region size 1024K, 3 young (3072K), 3 survivors (3072K)
 Metaspace       used 9799K, capacity 9986K, committed 10112K, reserved 1058816K
  class space    used 1021K, capacity 1102K, committed 1152K, reserved 1048576K
}
Event: 2.209 GC heap before
{Heap before GC invocations=1 (full 0):
 garbage-first heap   total 229376K, used 105336K [0x0000000080000000, 0x0000000100000000)
  region size 1024K, 98 young (100352K), 3 survivors (3072K)
 Metaspace       used 20602K, capacity 21117K, committed 21248K, reserved 1067008K
  class space    used 2523K, capacity 2731K, committed 2816K, reserved 1048576K
}
Event: 2.216 GC heap after
{Heap after GC invocations=2 (full 0):
 garbage-first heap   total 229376K, used 16386K [0x0000000080000000, 0x0000000100000000)
  region size 1024K, 11 young (11264K), 11 survivors (11264K)
 Metaspace       used 20602K, capacity 21117K, committed 21248K, reserved 1067008K
  class space    used 2523K, capacity 2731K, committed 2816K, reserved 1048576K
}
Event: 2.916 GC heap before
{Heap before GC invocations=3 (full 0):
 garbage-first heap   total 229376K, used 91138K [0x0000000080000000, 0x0000000100000000)
  region size 1024K, 74 young (75776K), 11 survivors (11264K)
 Metaspace       used 26724K, capacity 27460K, committed 27648K, reserved 1073152K
  class space    used 3529K, capacity 3805K, committed 3840K, reserved 1048576K
}
Event: 2.922 GC heap after
{Heap after GC invocations=4 (full 0):
 garbage-first heap   total 229376K, used 31835K [0x0000000080000000, 0x0000000100000000)
  region size 1024K, 6 young (6144K), 6 survivors (6144K)
 Metaspace       used 26724K, capacity 27460K, committed 27648K, reserved 1073152K
  class space    used 3529K, capacity 3805K, committed 3840K, reserved 1048576K
}
Event: 3.660 GC heap before
{Heap before GC invocations=4 (full 0):
 garbage-first heap   total 229376K, used 84059K [0x0000000080000000, 0x0000000100000000)
  region size 1024K, 58 young (59392K), 6 survivors (6144K)
 Metaspace       used 34817K, capacity 35721K, committed 35840K, reserved 1081344K
  class space    used 4555K, capacity 4898K, committed 4992K, reserved 1048576K
}
Event: 3.669 GC heap after
{Heap after GC invocations=5 (full 0):
 garbage-first heap   total 229376K, used 34762K [0x0000000080000000, 0x0000000100000000)
  region size 1024K, 8 young (8192K), 8 survivors (8192K)
 Metaspace       used 34817K, capacity 35721K, committed 35840K, reserved 1081344K
  class space    used 4555K, capacity 4898K, committed 4992K, reserved 1048576K
}
Event: 5.023 GC heap before
{Heap before GC invocations=6 (full 0):
 garbage-first heap   total 229376K, used 156618K [0x0000000080000000, 0x0000000100000000)
  region size 1024K, 120 young (122880K), 8 survivors (8192K)
 Metaspace       used 44886K, capacity 45960K, committed 46080K, reserved 1089536K
  class space    used 5870K, capacity 6288K, committed 6400K, reserved 1048576K
}
Event: 5.047 GC heap after
{Heap after GC invocations=7 (full 0):
 garbage-first heap   total 229376K, used 47765K [0x0000000080000000, 0x0000000100000000)
  region size 1024K, 15 young (15360K), 15 survivors (15360K)
 Metaspace       used 44886K, capacity 45960K, committed 46080K, reserved 1089536K
  class space    used 5870K, capacity 6288K, committed 6400K, reserved 1048576K
}
Event: 5.925 GC heap before
{Heap before GC invocations=8 (full 0):
 garbage-first heap   total 229376K, used 167573K [0x0000000080000000, 0x0000000100000000)
  region size 1024K, 130 young (133120K), 15 survivors (15360K)
 Metaspace       used 47912K, capacity 49305K, committed 49536K, reserved 1091584K
  class space    used 6189K, capacity 6707K, committed 6784K, reserved 1048576K
}
Event: 5.936 GC heap after
{Heap after GC invocations=9 (full 0):
 garbage-first heap   total 229376K, used 55239K [0x0000000080000000, 0x0000000100000000)
  region size 1024K, 12 young (12288K), 12 survivors (12288K)
 Metaspace       used 47912K, capacity 49305K, committed 49536K, reserved 1091584K
  class space    used 6189K, capacity 6707K, committed 6784K, reserved 1048576K
}

