# JRE version: OpenJDK Runtime Environment (11.0.10) (build 11.0.10+0-b96-7249189)
# Java VM: OpenJDK 64-Bit Server VM (11.0.10+0-b96-7249189, mixed mode, tiered, compressed oops, g1 gc, windows-amd64)
Heap:
 garbage-first heap   total 229376K, used 68695K [0x0000000080000000, 0x0000000100000000)
  region size 1024K, 43 young (44032K), 8 survivors (8192K)
 Metaspace       used 37820K, capacity 38812K, committed 39040K, reserved 1083392K
  class space    used 4911K, capacity 5244K, committed 5248K, reserved 1048576K
GC Heap History (8 events):
Event: 0.661 GC heap before
{Heap before GC invocations=0 (full 0):
 garbage-first heap   total 229376K, used 29696K [0x0000000080000000, 0x0000000100000000)
  region size 1024K, 24 young (24576K), 0 survivors (0K)
 Metaspace       used 9822K, capacity 9986K, committed 10112K, reserved 1058816K
  class space    used 1022K, capacity 1102K, committed 1152K, reserved 1048576K
}
Event: 0.666 GC heap after
{Heap after GC invocations=1 (full 0):
 garbage-first heap   total 229376K, used 9005K [0x0000000080000000, 0x0000000100000000)
  region size 1024K, 3 young (3072K), 3 survivors (3072K)
 Metaspace       used 9822K, capacity 9986K, committed 10112K, reserved 1058816K
  class space    used 1022K, capacity 1102K, committed 1152K, reserved 1048576K
}
Event: 2.265 GC heap before
{Heap before GC invocations=1 (full 0):
 garbage-first heap   total 229376K, used 104237K [0x0000000080000000, 0x0000000100000000)
  region size 1024K, 97 young (99328K), 3 survivors (3072K)
 Metaspace       used 20615K, capacity 21117K, committed 21248K, reserved 1067008K
  class space    used 2526K, capacity 2731K, committed 2816K, reserved 1048576K
}
Event: 2.273 GC heap after
{Heap after GC invocations=2 (full 0):
 garbage-first heap   total 229376K, used 16625K [0x0000000080000000, 0x0000000100000000)
  region size 1024K, 11 young (11264K), 11 survivors (11264K)
 Metaspace       used 20615K, capacity 21117K, committed 21248K, reserved 1067008K
  class space    used 2526K, capacity 2731K, committed 2816K, reserved 1048576K
}
Event: 2.718 GC heap before
{Heap before GC invocations=3 (full 0):
 garbage-first heap   total 229376K, used 61681K [0x0000000080000000, 0x0000000100000000)
  region size 1024K, 55 young (56320K), 11 survivors (11264K)
 Metaspace       used 25230K, capacity 25832K, committed 26112K, reserved 1071104K
  class space    used 3288K, capacity 3498K, committed 3584K, reserved 1048576K
}
Event: 2.726 GC heap after
{Heap after GC invocations=4 (full 0):
 garbage-first heap   total 229376K, used 18519K [0x0000000080000000, 0x0000000100000000)
  region size 1024K, 2 young (2048K), 2 survivors (2048K)
 Metaspace       used 25230K, capacity 25832K, committed 26112K, reserved 1071104K
  class space    used 3288K, capacity 3498K, committed 3584K, reserved 1048576K
}
Event: 3.746 GC heap before
{Heap before GC invocations=4 (full 0):
 garbage-first heap   total 229376K, used 100439K [0x0000000080000000, 0x0000000100000000)
  region size 1024K, 74 young (75776K), 2 survivors (2048K)
 Metaspace       used 34785K, capacity 35715K, committed 35840K, reserved 1081344K
  class space    used 4560K, capacity 4897K, committed 4992K, reserved 1048576K
}
Event: 3.758 GC heap after
{Heap after GC invocations=5 (full 0):
 garbage-first heap   total 229376K, used 34903K [0x0000000080000000, 0x0000000100000000)
  region size 1024K, 8 young (8192K), 8 survivors (8192K)
 Metaspace       used 34785K, capacity 35715K, committed 35840K, reserved 1081344K
  class space    used 4560K, capacity 4897K, committed 4992K, reserved 1048576K
}

