# JRE version: OpenJDK Runtime Environment (11.0.10) (build 11.0.10+0-b96-7249189)
# Java VM: OpenJDK 64-Bit Server VM (11.0.10+0-b96-7249189, mixed mode, tiered, compressed oops, g1 gc, windows-amd64)
Heap:
 garbage-first heap   total 229376K, used 139210K [0x0000000080000000, 0x0000000100000000)
  region size 1024K, 73 young (74752K), 8 survivors (8192K)
 Metaspace       used 66274K, capacity 68182K, committed 68480K, reserved 1110016K
  class space    used 8157K, capacity 8764K, committed 8832K, reserved 1048576K
GC Heap History (20 events):
Event: 72.838 GC heap before
{Heap before GC invocations=23 (full 0):
 garbage-first heap   total 229376K, used 195326K [0x0000000080000000, 0x0000000100000000)
  region size 1024K, 132 young (135168K), 7 survivors (7168K)
 Metaspace       used 66166K, capacity 68049K, committed 68224K, reserved 1107968K
  class space    used 8154K, capacity 8764K, committed 8832K, reserved 1048576K
}
Event: 72.845 GC heap after
{Heap after GC invocations=24 (full 0):
 garbage-first heap   total 229376K, used 68170K [0x0000000080000000, 0x0000000100000000)
  region size 1024K, 8 young (8192K), 8 survivors (8192K)
 Metaspace       used 66166K, capacity 68049K, committed 68224K, reserved 1107968K
  class space    used 8154K, capacity 8764K, committed 8832K, reserved 1048576K
}
Event: 72.986 GC heap before
{Heap before GC invocations=24 (full 0):
 garbage-first heap   total 229376K, used 196170K [0x0000000080000000, 0x0000000100000000)
  region size 1024K, 133 young (136192K), 8 survivors (8192K)
 Metaspace       used 66166K, capacity 68049K, committed 68224K, reserved 1107968K
  class space    used 8154K, capacity 8764K, committed 8832K, reserved 1048576K
}
Event: 72.991 GC heap after
{Heap after GC invocations=25 (full 0):
 garbage-first heap   total 229376K, used 69994K [0x0000000080000000, 0x0000000100000000)
  region size 1024K, 8 young (8192K), 8 survivors (8192K)
 Metaspace       used 66166K, capacity 68049K, committed 68224K, reserved 1107968K
  class space    used 8154K, capacity 8764K, committed 8832K, reserved 1048576K
}
Event: 73.143 GC heap before
{Heap before GC invocations=25 (full 0):
 garbage-first heap   total 229376K, used 195946K [0x0000000080000000, 0x0000000100000000)
  region size 1024K, 132 young (135168K), 8 survivors (8192K)
 Metaspace       used 66175K, capacity 68049K, committed 68224K, reserved 1107968K
  class space    used 8154K, capacity 8764K, committed 8832K, reserved 1048576K
}
Event: 73.149 GC heap after
{Heap after GC invocations=26 (full 0):
 garbage-first heap   total 229376K, used 69910K [0x0000000080000000, 0x0000000100000000)
  region size 1024K, 8 young (8192K), 8 survivors (8192K)
 Metaspace       used 66175K, capacity 68049K, committed 68224K, reserved 1107968K
  class space    used 8154K, capacity 8764K, committed 8832K, reserved 1048576K
}
Event: 73.298 GC heap before
{Heap before GC invocations=26 (full 0):
 garbage-first heap   total 229376K, used 195862K [0x0000000080000000, 0x0000000100000000)
  region size 1024K, 133 young (136192K), 8 survivors (8192K)
 Metaspace       used 66205K, capacity 68052K, committed 68224K, reserved 1107968K
  class space    used 8154K, capacity 8764K, committed 8832K, reserved 1048576K
}
Event: 73.304 GC heap after
{Heap after GC invocations=27 (full 0):
 garbage-first heap   total 229376K, used 70396K [0x0000000080000000, 0x0000000100000000)
  region size 1024K, 9 young (9216K), 9 survivors (9216K)
 Metaspace       used 66205K, capacity 68052K, committed 68224K, reserved 1107968K
  class space    used 8154K, capacity 8764K, committed 8832K, reserved 1048576K
}
Event: 73.462 GC heap before
{Heap before GC invocations=27 (full 0):
 garbage-first heap   total 229376K, used 194300K [0x0000000080000000, 0x0000000100000000)
  region size 1024K, 132 young (135168K), 9 survivors (9216K)
 Metaspace       used 66227K, capacity 68052K, committed 68224K, reserved 1107968K
  class space    used 8156K, capacity 8764K, committed 8832K, reserved 1048576K
}
Event: 73.468 GC heap after
{Heap after GC invocations=28 (full 0):
 garbage-first heap   total 229376K, used 71842K [0x0000000080000000, 0x0000000100000000)
  region size 1024K, 10 young (10240K), 10 survivors (10240K)
 Metaspace       used 66227K, capacity 68052K, committed 68224K, reserved 1107968K
  class space    used 8156K, capacity 8764K, committed 8832K, reserved 1048576K
}
Event: 73.590 GC heap before
{Heap before GC invocations=28 (full 0):
 garbage-first heap   total 229376K, used 193698K [0x0000000080000000, 0x0000000100000000)
  region size 1024K, 130 young (133120K), 10 survivors (10240K)
 Metaspace       used 66229K, capacity 68052K, committed 68224K, reserved 1107968K
  class space    used 8156K, capacity 8764K, committed 8832K, reserved 1048576K
}
Event: 73.596 GC heap after
{Heap after GC invocations=29 (full 0):
 garbage-first heap   total 229376K, used 72211K [0x0000000080000000, 0x0000000100000000)
  region size 1024K, 6 young (6144K), 6 survivors (6144K)
 Metaspace       used 66229K, capacity 68052K, committed 68224K, reserved 1107968K
  class space    used 8156K, capacity 8764K, committed 8832K, reserved 1048576K
}
Event: 73.708 GC heap before
{Heap before GC invocations=29 (full 0):
 garbage-first heap   total 229376K, used 197139K [0x0000000080000000, 0x0000000100000000)
  region size 1024K, 130 young (133120K), 6 survivors (6144K)
 Metaspace       used 66230K, capacity 68052K, committed 68224K, reserved 1107968K
  class space    used 8156K, capacity 8764K, committed 8832K, reserved 1048576K
}
Event: 73.712 GC heap after
{Heap after GC invocations=30 (full 0):
 garbage-first heap   total 229376K, used 72211K [0x0000000080000000, 0x0000000100000000)
  region size 1024K, 6 young (6144K), 6 survivors (6144K)
 Metaspace       used 66230K, capacity 68052K, committed 68224K, reserved 1107968K
  class space    used 8156K, capacity 8764K, committed 8832K, reserved 1048576K
}
Event: 73.839 GC heap before
{Heap before GC invocations=30 (full 0):
 garbage-first heap   total 229376K, used 197139K [0x0000000080000000, 0x0000000100000000)
  region size 1024K, 129 young (132096K), 6 survivors (6144K)
 Metaspace       used 66241K, capacity 68118K, committed 68224K, reserved 1107968K
  class space    used 8157K, capacity 8764K, committed 8832K, reserved 1048576K
}
Event: 73.842 GC heap after
{Heap after GC invocations=31 (full 0):
 garbage-first heap   total 229376K, used 72807K [0x0000000080000000, 0x0000000100000000)
  region size 1024K, 7 young (7168K), 7 survivors (7168K)
 Metaspace       used 66241K, capacity 68118K, committed 68224K, reserved 1107968K
  class space    used 8157K, capacity 8764K, committed 8832K, reserved 1048576K
}
Event: 73.993 GC heap before
{Heap before GC invocations=31 (full 0):
 garbage-first heap   total 229376K, used 196711K [0x0000000080000000, 0x0000000100000000)
  region size 1024K, 130 young (133120K), 7 survivors (7168K)
 Metaspace       used 66251K, capacity 68118K, committed 68224K, reserved 1107968K
  class space    used 8157K, capacity 8764K, committed 8832K, reserved 1048576K
}
Event: 73.997 GC heap after
{Heap after GC invocations=32 (full 0):
 garbage-first heap   total 229376K, used 74062K [0x0000000080000000, 0x0000000100000000)
  region size 1024K, 8 young (8192K), 8 survivors (8192K)
 Metaspace       used 66251K, capacity 68118K, committed 68224K, reserved 1107968K
  class space    used 8157K, capacity 8764K, committed 8832K, reserved 1048576K
}
Event: 74.156 GC heap before
{Heap before GC invocations=32 (full 0):
 garbage-first heap   total 229376K, used 195918K [0x0000000080000000, 0x0000000100000000)
  region size 1024K, 128 young (131072K), 8 survivors (8192K)
 Metaspace       used 66265K, capacity 68182K, committed 68480K, reserved 1110016K
  class space    used 8157K, capacity 8764K, committed 8832K, reserved 1048576K
}
Event: 74.160 GC heap after
{Heap after GC invocations=33 (full 0):
 garbage-first heap   total 229376K, used 74764K [0x0000000080000000, 0x0000000100000000)
  region size 1024K, 9 young (9216K), 9 survivors (9216K)
 Metaspace       used 66265K, capacity 68182K, committed 68480K, reserved 1110016K
  class space    used 8157K, capacity 8764K, committed 8832K, reserved 1048576K
}

